CRITICAL - 2023-01-03 09:18:05 --> include(header.html): Failed to open stream: No such file or directory
in APPPATH\Views\login.php on line 2.
 1 APPPATH\Views\login.php(2): CodeIgniter\Debug\Exceptions->errorHandler(2, 'include(header.html): Failed to open stream: No such file or directory', 'APPPATH\\Views\\login.php', 2)
 2 APPPATH\Views\login.php(2): include()
 3 SYSTEMPATH\View\View.php(213): include('APPPATH\\Views\\login.php')
 4 SYSTEMPATH\View\View.php(216): CodeIgniter\View\View->CodeIgniter\View\{closure}()
 5 SYSTEMPATH\Common.php(1135): CodeIgniter\View\View->render('login', [], true)
 6 APPPATH\Controllers\Login.php(9): view('login')
 7 SYSTEMPATH\CodeIgniter.php(925): App\Controllers\Login->index()
 8 SYSTEMPATH\CodeIgniter.php(480): CodeIgniter\CodeIgniter->runController(Object(App\Controllers\Login))
 9 SYSTEMPATH\CodeIgniter.php(349): CodeIgniter\CodeIgniter->handleRequest(null, Object(Config\Cache), false)
10 FCPATH\index.php(67): CodeIgniter\CodeIgniter->run()
CRITICAL - 2023-01-03 09:19:20 --> include(header.html): Failed to open stream: No such file or directory
in APPPATH\Views\login.php on line 2.
 1 APPPATH\Views\login.php(2): CodeIgniter\Debug\Exceptions->errorHandler(2, 'include(header.html): Failed to open stream: No such file or directory', 'APPPATH\\Views\\login.php', 2)
 2 APPPATH\Views\login.php(2): include()
 3 SYSTEMPATH\View\View.php(213): include('APPPATH\\Views\\login.php')
 4 SYSTEMPATH\View\View.php(216): CodeIgniter\View\View->CodeIgniter\View\{closure}()
 5 SYSTEMPATH\Common.php(1135): CodeIgniter\View\View->render('login', [], true)
 6 APPPATH\Controllers\Login.php(9): view('login')
 7 SYSTEMPATH\CodeIgniter.php(925): App\Controllers\Login->index()
 8 SYSTEMPATH\CodeIgniter.php(480): CodeIgniter\CodeIgniter->runController(Object(App\Controllers\Login))
 9 SYSTEMPATH\CodeIgniter.php(349): CodeIgniter\CodeIgniter->handleRequest(null, Object(Config\Cache), false)
10 FCPATH\index.php(67): CodeIgniter\CodeIgniter->run()
CRITICAL - 2023-01-03 09:28:10 --> Call to undefined function get()
in APPPATH\Views\login.php on line 47.
 1 SYSTEMPATH\View\View.php(213): include()
 2 SYSTEMPATH\View\View.php(216): CodeIgniter\View\View->CodeIgniter\View\{closure}()
 3 SYSTEMPATH\Common.php(1135): CodeIgniter\View\View->render('login', [], true)
 4 APPPATH\Controllers\Login.php(9): view('login')
 5 SYSTEMPATH\CodeIgniter.php(925): App\Controllers\Login->index()
 6 SYSTEMPATH\CodeIgniter.php(480): CodeIgniter\CodeIgniter->runController(Object(App\Controllers\Login))
 7 SYSTEMPATH\CodeIgniter.php(349): CodeIgniter\CodeIgniter->handleRequest(null, Object(Config\Cache), false)
 8 FCPATH\index.php(67): CodeIgniter\CodeIgniter->run()
